<?xml version="1.0" encoding="UTF-8"?>
<!-- Generated by org.testng.reporters.JUnitReportReporter -->
<testsuite hostname="Pranit" failures="0" tests="1" name="maven.pgt.AppTest" time="0.003" errors="0" timestamp="2022-11-10T23:07:27 IST" skipped="0">
  <testcase classname="maven.pgt.AppTest" name="testApp" time="0.003"/>
  <system-out/>
</testsuite> <!-- maven.pgt.AppTest -->
